<?xml version="1.0" encoding="UTF-8"?>
<!-- Generated by org.testng.reporters.JUnitReportReporter -->
<testsuite skipped="0" hostname="DESKTOP-2S679H3" name="com.automation.testcases.LoginTest" tests="1" failures="0" timestamp="2021-03-27T04:14:15 EDT" time="2.432" errors="0">
  <testcase name="loginApplication" time="2.432" classname="com.automation.testcases.LoginTest"/>
  <system-out/>
</testsuite> <!-- com.automation.testcases.LoginTest -->
