<?xml version="1.0" encoding="UTF-8"?>
<!-- Generated by org.testng.reporters.JUnitReportReporter -->
<testsuite skipped="0" hostname="DESKTOP-2S679H3" name="com.automation.testcases.LoginTest" tests="1" failures="0" timestamp="2021-04-10T03:02:45 EDT" time="2.608" errors="0">
  <testcase name="loginApplication" time="2.608" classname="com.automation.testcases.LoginTest"/>
  <system-out/>
</testsuite> <!-- com.automation.testcases.LoginTest -->
